

> @stage-lib/react@0.1.2 build /Users/drt67663/Desktop/Estudo/stage-react/packages/react
> tsup src/index.tsx --format esm,cjs --dts --external react

[34mCLI[39m Building entry: src/index.tsx
[34mCLI[39m Using tsconfig: tsconfig.json
[34mCLI[39m tsup v8.0.2
[34mCLI[39m Target: es6
[34mESM[39m Build start
[34mCJS[39m Build start
[31m‚úò [41;31m[[41;97mERROR[41;31m][0m [1mCould not resolve "../../../styled-system/jsx"[0m

    src/components/Sidebar/styles.tsx:1:23:
[37m      1 ‚îÇ import { styled } from [32m'../../../styled-system/jsx'[37m
        ‚ïµ                        [32m~~~~~~~~~~~~~~~~~~~~~~~~~~~~[0m

[31m‚úò [41;31m[[41;97mERROR[41;31m][0m [1mCould not resolve "../../../styled-system/jsx"[0m

    src/components/Input/styles.ts:1:23:
[37m      1 ‚îÇ import { styled } from [32m'../../../styled-system/jsx'[37m
        ‚ïµ                        [32m~~~~~~~~~~~~~~~~~~~~~~~~~~~~[0m

[31m‚úò [41;31m[[41;97mERROR[41;31m][0m [1mCould not resolve "../../../styled-system/jsx"[0m

    src/components/Button/styles.ts:1:23:
[37m      1 ‚îÇ import { styled } from [32m'../../../styled-system/jsx'[37m
        ‚ïµ                        [32m~~~~~~~~~~~~~~~~~~~~~~~~~~~~[0m

[31m‚úò [41;31m[[41;97mERROR[41;31m][0m [1mCould not resolve "../../../styled-system/jsx"[0m

    src/components/Sidebar/styles.tsx:1:23:
[37m      1 ‚îÇ import { styled } from [32m'../../../styled-system/jsx'[37m
        ‚ïµ                        [32m~~~~~~~~~~~~~~~~~~~~~~~~~~~~[0m

[31m‚úò [41;31m[[41;97mERROR[41;31m][0m [1mCould not resolve "../../../styled-system/jsx"[0m

    src/components/Button/styles.ts:1:23:
[37m      1 ‚îÇ import { styled } from [32m'../../../styled-system/jsx'[37m
        ‚ïµ                        [32m~~~~~~~~~~~~~~~~~~~~~~~~~~~~[0m

[31m‚úò [41;31m[[41;97mERROR[41;31m][0m [1mCould not resolve "../../../styled-system/css"[0m

    src/components/Alert/styles.ts:1:20:
[37m      1 ‚îÇ import { css } from [32m'../../../styled-system/css'[37m
        ‚ïµ                     [32m~~~~~~~~~~~~~~~~~~~~~~~~~~~~[0m

[31m‚úò [41;31m[[41;97mERROR[41;31m][0m [1mCould not resolve "../../../styled-system/css"[0m

    src/components/Alert/styles.ts:1:20:
[37m      1 ‚îÇ import { css } from [32m'../../../styled-system/css'[37m
        ‚ïµ                     [32m~~~~~~~~~~~~~~~~~~~~~~~~~~~~[0m

[31m‚úò [41;31m[[41;97mERROR[41;31m][0m [1mCould not resolve "../../../styled-system/jsx"[0m

    src/components/Input/styles.ts:1:23:
[37m      1 ‚îÇ import { styled } from [32m'../../../styled-system/jsx'[37m
        ‚ïµ                        [32m~~~~~~~~~~~~~~~~~~~~~~~~~~~~[0m

[31mESM[39m [31mBuild failed[39m
[31mCJS[39m [31mBuild failed[39m
[31mError: Build failed with 4 errors:
src/components/Alert/styles.ts:1:20: ERROR: Could not resolve "../../../styled-system/css"
src/components/Button/styles.ts:1:23: ERROR: Could not resolve "../../../styled-system/jsx"
src/components/Input/styles.ts:1:23: ERROR: Could not resolve "../../../styled-system/jsx"
src/components/Sidebar/styles.tsx:1:23: ERROR: Could not resolve "../../../styled-system/jsx"
    at failureErrorWithLog (/Users/drt67663/Desktop/Estudo/stage-react/node_modules/.pnpm/esbuild@0.19.12/node_modules/esbuild/lib/main.js:1651:15)
    at /Users/drt67663/Desktop/Estudo/stage-react/node_modules/.pnpm/esbuild@0.19.12/node_modules/esbuild/lib/main.js:1059:25
    at runOnEndCallbacks (/Users/drt67663/Desktop/Estudo/stage-react/node_modules/.pnpm/esbuild@0.19.12/node_modules/esbuild/lib/main.js:1486:45)
    at buildResponseToResult (/Users/drt67663/Desktop/Estudo/stage-react/node_modules/.pnpm/esbuild@0.19.12/node_modules/esbuild/lib/main.js:1057:7)
    at /Users/drt67663/Desktop/Estudo/stage-react/node_modules/.pnpm/esbuild@0.19.12/node_modules/esbuild/lib/main.js:1086:16
    at responseCallbacks.<computed> (/Users/drt67663/Desktop/Estudo/stage-react/node_modules/.pnpm/esbuild@0.19.12/node_modules/esbuild/lib/main.js:704:9)
    at handleIncomingPacket (/Users/drt67663/Desktop/Estudo/stage-react/node_modules/.pnpm/esbuild@0.19.12/node_modules/esbuild/lib/main.js:764:9)
    at Socket.readFromStdout (/Users/drt67663/Desktop/Estudo/stage-react/node_modules/.pnpm/esbuild@0.19.12/node_modules/esbuild/lib/main.js:680:7)
    at Socket.emit (node:events:517:28)
    at addChunk (node:internal/streams/readable:368:12)[39m
[34mDTS[39m Build start
[32mDTS[39m ‚ö°Ô∏è Build success in 1607ms
[32mDTS[39m [1mdist/index.d.mts [22m[32m529.65 KB[39m
[32mDTS[39m [1mdist/index.d.ts  [22m[32m529.65 KB[39m
[41m[30m‚ÄâELIFECYCLE‚Äâ[39m[49m [31mCommand failed with exit code 1.[39m
